<?xml version="1.0" encoding="UTF-8"?>
<testsuite xmlns:xsi="http://www.w3.org/2001/XMLSchema-instance" xsi:noNamespaceSchemaLocation="https://maven.apache.org/surefire/maven-surefire-plugin/xsd/surefire-test-report-3.0.xsd" version="3.0" name="QuotationServiceUnitTest" time="0.229" tests="1" errors="0" skipped="0" failures="0">
  <properties>
    <property name="gopherProxySet" value="false"/>
    <property name="awt.toolkit" value="sun.lwawt.macosx.LWCToolkit"/>
    <property name="file.encoding.pkg" value="sun.io"/>
    <property name="java.specification.version" value="1.8"/>
    <property name="sun.cpu.isalist" value=""/>
    <property name="sun.jnu.encoding" value="UTF-8"/>
    <property name="java.class.path" value="/Users/alexodonnell/Documents/AOD/College/DistributedSystems/quoco-ws/task5/dodgygeezers/target/test-classes:/Users/alexodonnell/Documents/AOD/College/DistributedSystems/quoco-ws/task5/dodgygeezers/target/classes:/Users/alexodonnell/Documents/AOD/College/DistributedSystems/quoco-ws/task5/core/target/core-1.0.0.jar:/Users/alexodonnell/.m2/repository/junit/junit/4.12/junit-4.12.jar:/Users/alexodonnell/.m2/repository/org/hamcrest/hamcrest-core/1.3/hamcrest-core-1.3.jar:/Users/alexodonnell/.m2/repository/org/jmdns/jmdns/3.5.5/jmdns-3.5.5.jar:/Users/alexodonnell/.m2/repository/org/slf4j/slf4j-api/1.7.25/slf4j-api-1.7.25.jar:"/>
    <property name="java.vm.vendor" value="Azul Systems, Inc."/>
    <property name="sun.arch.data.model" value="64"/>
    <property name="java.vendor.url" value="http://www.azul.com/"/>
    <property name="user.timezone" value=""/>
    <property name="java.vm.specification.version" value="1.8"/>
    <property name="os.name" value="Mac OS X"/>
    <property name="user.country" value="IE"/>
    <property name="sun.java.launcher" value="SUN_STANDARD"/>
    <property name="sun.boot.library.path" value="/Library/Java/JavaVirtualMachines/zulu-8.jdk/Contents/Home/jre/lib"/>
    <property name="sun.java.command" value="/Users/alexodonnell/Documents/AOD/College/DistributedSystems/quoco-ws/task5/dodgygeezers/target/surefire/surefirebooter-20240220193735495_6.jar /Users/alexodonnell/Documents/AOD/College/DistributedSystems/quoco-ws/task5/dodgygeezers/target/surefire 2024-02-20T19-37-34_396-jvmRun1 surefire-20240220193735495_4tmp surefire_1-20240220193735495_5tmp"/>
    <property name="http.nonProxyHosts" value="local|*.local|169.254/16|*.169.254/16"/>
    <property name="surefire.test.class.path" value="/Users/alexodonnell/Documents/AOD/College/DistributedSystems/quoco-ws/task5/dodgygeezers/target/test-classes:/Users/alexodonnell/Documents/AOD/College/DistributedSystems/quoco-ws/task5/dodgygeezers/target/classes:/Users/alexodonnell/Documents/AOD/College/DistributedSystems/quoco-ws/task5/core/target/core-1.0.0.jar:/Users/alexodonnell/.m2/repository/junit/junit/4.12/junit-4.12.jar:/Users/alexodonnell/.m2/repository/org/hamcrest/hamcrest-core/1.3/hamcrest-core-1.3.jar:/Users/alexodonnell/.m2/repository/org/jmdns/jmdns/3.5.5/jmdns-3.5.5.jar:/Users/alexodonnell/.m2/repository/org/slf4j/slf4j-api/1.7.25/slf4j-api-1.7.25.jar:"/>
    <property name="sun.cpu.endian" value="little"/>
    <property name="user.home" value="/Users/alexodonnell"/>
    <property name="user.language" value="en"/>
    <property name="java.specification.vendor" value="Oracle Corporation"/>
    <property name="java.home" value="/Library/Java/JavaVirtualMachines/zulu-8.jdk/Contents/Home/jre"/>
    <property name="basedir" value="/Users/alexodonnell/Documents/AOD/College/DistributedSystems/quoco-ws/task5/dodgygeezers"/>
    <property name="file.separator" value="/"/>
    <property name="line.separator" value="&#10;"/>
    <property name="jdk.vendor.version" value="Zulu 8.72.0.17-CA-macos-aarch64"/>
    <property name="java.vm.specification.vendor" value="Oracle Corporation"/>
    <property name="java.specification.name" value="Java Platform API Specification"/>
    <property name="java.awt.graphicsenv" value="sun.awt.CGraphicsEnvironment"/>
    <property name="surefire.real.class.path" value="/Users/alexodonnell/Documents/AOD/College/DistributedSystems/quoco-ws/task5/dodgygeezers/target/surefire/surefirebooter-20240220193735495_6.jar"/>
    <property name="sun.boot.class.path" value="/Library/Java/JavaVirtualMachines/zulu-8.jdk/Contents/Home/jre/lib/resources.jar:/Library/Java/JavaVirtualMachines/zulu-8.jdk/Contents/Home/jre/lib/rt.jar:/Library/Java/JavaVirtualMachines/zulu-8.jdk/Contents/Home/jre/lib/sunrsasign.jar:/Library/Java/JavaVirtualMachines/zulu-8.jdk/Contents/Home/jre/lib/jsse.jar:/Library/Java/JavaVirtualMachines/zulu-8.jdk/Contents/Home/jre/lib/jce.jar:/Library/Java/JavaVirtualMachines/zulu-8.jdk/Contents/Home/jre/lib/charsets.jar:/Library/Java/JavaVirtualMachines/zulu-8.jdk/Contents/Home/jre/lib/jfr.jar:/Library/Java/JavaVirtualMachines/zulu-8.jdk/Contents/Home/jre/lib/cat.jar:/Library/Java/JavaVirtualMachines/zulu-8.jdk/Contents/Home/jre/classes"/>
    <property name="sun.management.compiler" value="HotSpot 64-Bit Tiered Compilers"/>
    <property name="ftp.nonProxyHosts" value="local|*.local|169.254/16|*.169.254/16"/>
    <property name="java.runtime.version" value="1.8.0_382-b05"/>
    <property name="user.name" value="alexodonnell"/>
    <property name="path.separator" value=":"/>
    <property name="os.version" value="13.4.1"/>
    <property name="java.endorsed.dirs" value="/Library/Java/JavaVirtualMachines/zulu-8.jdk/Contents/Home/jre/lib/endorsed"/>
    <property name="java.runtime.name" value="OpenJDK Runtime Environment"/>
    <property name="file.encoding" value="UTF-8"/>
    <property name="java.vm.name" value="OpenJDK 64-Bit Server VM"/>
    <property name="localRepository" value="/Users/alexodonnell/.m2/repository"/>
    <property name="java.vendor.url.bug" value="http://www.azul.com/support/"/>
    <property name="java.io.tmpdir" value="/var/folders/fj/1ykv5jrn7k5bplnhdvwsmzmr0000gn/T/"/>
    <property name="java.version" value="1.8.0_382"/>
    <property name="user.dir" value="/Users/alexodonnell/Documents/AOD/College/DistributedSystems/quoco-ws/task5/dodgygeezers"/>
    <property name="os.arch" value="aarch64"/>
    <property name="java.vm.specification.name" value="Java Virtual Machine Specification"/>
    <property name="java.awt.printerjob" value="sun.lwawt.macosx.CPrinterJob"/>
    <property name="sun.os.patch.level" value="unknown"/>
    <property name="java.library.path" value="/Users/alexodonnell/Library/Java/Extensions:/Library/Java/Extensions:/Network/Library/Java/Extensions:/System/Library/Java/Extensions:/usr/lib/java:."/>
    <property name="java.vm.info" value="mixed mode"/>
    <property name="java.vendor" value="Azul Systems, Inc."/>
    <property name="java.vm.version" value="25.382-b05"/>
    <property name="java.specification.maintenance.version" value="5"/>
    <property name="java.ext.dirs" value="/Users/alexodonnell/Library/Java/Extensions:/Library/Java/JavaVirtualMachines/zulu-8.jdk/Contents/Home/jre/lib/ext:/Library/Java/Extensions:/Network/Library/Java/Extensions:/System/Library/Java/Extensions:/usr/lib/java"/>
    <property name="sun.io.unicode.encoding" value="UnicodeBig"/>
    <property name="java.class.version" value="52.0"/>
    <property name="socksNonProxyHosts" value="local|*.local|169.254/16|*.169.254/16"/>
  </properties>
  <testcase name="connectionTest" classname="QuotationServiceUnitTest" time="0.048"/>
</testsuite>