<?xml version="1.0" encoding="UTF-8"?>
<testsuite xmlns:xsi="http://www.w3.org/2001/XMLSchema-instance" xsi:noNamespaceSchemaLocation="https://maven.apache.org/surefire/maven-surefire-plugin/xsd/surefire-test-report-3.0.xsd" version="3.0" name="DodgygeezersUnitTest" time="0.059" tests="2" errors="0" skipped="0" failures="0">
  <properties>
    <property name="java.specification.version" value="20"/>
    <property name="sun.jnu.encoding" value="UTF-8"/>
    <property name="java.class.path" value="/Users/alexodonnell/Documents/AOD/College/DistributedSystems/Lab2/Task5/dodgeygeezers/target/test-classes:/Users/alexodonnell/Documents/AOD/College/DistributedSystems/Lab2/Task5/dodgeygeezers/target/classes:/Users/alexodonnell/.m2/repository/junit/junit/4.12/junit-4.12.jar:/Users/alexodonnell/.m2/repository/org/hamcrest/hamcrest-core/1.3/hamcrest-core-1.3.jar:/Users/alexodonnell/Documents/AOD/College/DistributedSystems/Lab2/Task5/core/target/core-1.0.0.jar:"/>
    <property name="java.vm.vendor" value="Homebrew"/>
    <property name="sun.arch.data.model" value="64"/>
    <property name="java.vendor.url" value="https://github.com/Homebrew/homebrew-core/issues"/>
    <property name="os.name" value="Mac OS X"/>
    <property name="java.vm.specification.version" value="20"/>
    <property name="sun.java.launcher" value="SUN_STANDARD"/>
    <property name="user.country" value="IE"/>
    <property name="sun.boot.library.path" value="/opt/homebrew/Cellar/openjdk/20.0.2/libexec/openjdk.jdk/Contents/Home/lib"/>
    <property name="sun.java.command" value="/Users/alexodonnell/Documents/AOD/College/DistributedSystems/Lab2/Task5/dodgeygeezers/target/surefire/surefirebooter-20240214134720813_6.jar /Users/alexodonnell/Documents/AOD/College/DistributedSystems/Lab2/Task5/dodgeygeezers/target/surefire 2024-02-14T13-47-19_416-jvmRun1 surefire-20240214134720813_4tmp surefire_1-20240214134720813_5tmp"/>
    <property name="http.nonProxyHosts" value="local|*.local|169.254/16|*.169.254/16"/>
    <property name="jdk.debug" value="release"/>
    <property name="surefire.test.class.path" value="/Users/alexodonnell/Documents/AOD/College/DistributedSystems/Lab2/Task5/dodgeygeezers/target/test-classes:/Users/alexodonnell/Documents/AOD/College/DistributedSystems/Lab2/Task5/dodgeygeezers/target/classes:/Users/alexodonnell/.m2/repository/junit/junit/4.12/junit-4.12.jar:/Users/alexodonnell/.m2/repository/org/hamcrest/hamcrest-core/1.3/hamcrest-core-1.3.jar:/Users/alexodonnell/Documents/AOD/College/DistributedSystems/Lab2/Task5/core/target/core-1.0.0.jar:"/>
    <property name="sun.cpu.endian" value="little"/>
    <property name="user.home" value="/Users/alexodonnell"/>
    <property name="user.language" value="en"/>
    <property name="java.specification.vendor" value="Oracle Corporation"/>
    <property name="java.version.date" value="2023-07-18"/>
    <property name="java.home" value="/opt/homebrew/Cellar/openjdk/20.0.2/libexec/openjdk.jdk/Contents/Home"/>
    <property name="file.separator" value="/"/>
    <property name="basedir" value="/Users/alexodonnell/Documents/AOD/College/DistributedSystems/Lab2/Task5/dodgeygeezers"/>
    <property name="java.vm.compressedOopsMode" value="Zero based"/>
    <property name="line.separator" value="&#10;"/>
    <property name="java.vm.specification.vendor" value="Oracle Corporation"/>
    <property name="java.specification.name" value="Java Platform API Specification"/>
    <property name="apple.awt.application.name" value="ForkedBooter"/>
    <property name="surefire.real.class.path" value="/Users/alexodonnell/Documents/AOD/College/DistributedSystems/Lab2/Task5/dodgeygeezers/target/surefire/surefirebooter-20240214134720813_6.jar"/>
    <property name="sun.management.compiler" value="HotSpot 64-Bit Tiered Compilers"/>
    <property name="ftp.nonProxyHosts" value="local|*.local|169.254/16|*.169.254/16"/>
    <property name="java.runtime.version" value="20.0.2"/>
    <property name="user.name" value="alexodonnell"/>
    <property name="stdout.encoding" value="UTF-8"/>
    <property name="path.separator" value=":"/>
    <property name="os.version" value="13.4.1"/>
    <property name="java.runtime.name" value="OpenJDK Runtime Environment"/>
    <property name="file.encoding" value="UTF-8"/>
    <property name="java.vm.name" value="OpenJDK 64-Bit Server VM"/>
    <property name="java.vendor.version" value="Homebrew"/>
    <property name="localRepository" value="/Users/alexodonnell/.m2/repository"/>
    <property name="java.vendor.url.bug" value="https://github.com/Homebrew/homebrew-core/issues"/>
    <property name="java.io.tmpdir" value="/var/folders/fj/1ykv5jrn7k5bplnhdvwsmzmr0000gn/T/"/>
    <property name="java.version" value="20.0.2"/>
    <property name="user.dir" value="/Users/alexodonnell/Documents/AOD/College/DistributedSystems/Lab2/Task5/dodgeygeezers"/>
    <property name="os.arch" value="aarch64"/>
    <property name="java.vm.specification.name" value="Java Virtual Machine Specification"/>
    <property name="native.encoding" value="UTF-8"/>
    <property name="java.library.path" value="/Users/alexodonnell/Library/Java/Extensions:/Library/Java/Extensions:/Network/Library/Java/Extensions:/System/Library/Java/Extensions:/usr/lib/java:."/>
    <property name="java.vm.info" value="mixed mode, sharing"/>
    <property name="stderr.encoding" value="UTF-8"/>
    <property name="java.vendor" value="Homebrew"/>
    <property name="java.vm.version" value="20.0.2"/>
    <property name="sun.io.unicode.encoding" value="UnicodeBig"/>
    <property name="socksNonProxyHosts" value="local|*.local|169.254/16|*.169.254/16"/>
    <property name="java.class.version" value="64.0"/>
  </properties>
  <testcase name="quotationTest" classname="DodgygeezersUnitTest" time="0.011"/>
  <testcase name="connectionTest" classname="DodgygeezersUnitTest" time="0.0"/>
</testsuite>